suresh@macbookpro finance-mvp % cd /Users/suresh/Desktop/projects/my-wealth-management/finance-mvp
npm run start:backend

> finance-mvp@0.1.0 start:backend
> npm run start:api-gateway & npm run start:auth-service & npm run start:account-aggregation-service & npm run start:financial-core-service & npm run start:api


> finance-mvp@0.1.0 start:auth-service
> mvn spring-boot:run -f apps/auth-service/pom.xml


> finance-mvp@0.1.0 start:financial-core-service
> mvn spring-boot:run -f apps/financial-core-service/pom.xml


> finance-mvp@0.1.0 start:account-aggregation-service
> mvn spring-boot:run -f apps/account-aggregation-service/pom.xml


> finance-mvp@0.1.0 start:api
> npm run start -w apps/api


> finance-mvp@0.1.0 start:api-gateway
> mvn spring-boot:run -f apps/api-gateway/pom.xml


> @finance-mvp/api@0.1.0 start
> node src/server.js

API running on http://localhost:4000
[INFO] Scanning for projects...
[INFO]
[INFO] ---------< com.mywealthmanagement:account-aggregation-service >---------
[INFO] Building account-aggregation-service 0.0.1-SNAPSHOT
[INFO] --------------------------------[ jar ]---------------------------------
[INFO]
[INFO] >>> spring-boot-maven-plugin:3.2.5:run (default-cli) > test-compile @ account-aggregation-service >>>
[INFO] Scanning for projects...
[INFO] Scanning for projects...
[INFO]
[INFO] -----------------< com.mywealthmanagement:api-gateway >-----------------
[INFO] Building api-gateway 0.0.1-SNAPSHOT
[INFO] --------------------------------[ jar ]---------------------------------
[INFO]
[INFO] --- maven-resources-plugin:3.3.1:resources (default-resources) @ account-aggregation-service ---
[INFO] Scanning for projects...
[INFO]
[INFO] >>> spring-boot-maven-plugin:3.2.5:run (default-cli) > test-compile @ api-gateway >>>
[INFO] Copying 3 resources from src/main/resources to target/classes
[INFO] Copying 2 resources from src/main/resources to target/classes
[INFO]
[INFO] --- maven-compiler-plugin:3.11.0:compile (default-compile) @ account-aggregation-service ---
[INFO]
[INFO] ----------------< com.mywealthmanagement:auth-service >-----------------
[INFO] Building auth-service 0.0.1-SNAPSHOT
[INFO] --------------------------------[ jar ]---------------------------------
[INFO]
[INFO] >>> spring-boot-maven-plugin:3.2.5:run (default-cli) > test-compile @ auth-service >>>
[INFO] Nothing to compile - all classes are up to date
[INFO]
[INFO] --- maven-resources-plugin:3.3.1:testResources (default-testResources) @ account-aggregation-service ---
[INFO] Copying 1 resource from src/test/resources to target/test-classes
[INFO]
[INFO] --- maven-compiler-plugin:3.11.0:testCompile (default-testCompile) @ account-aggregation-service ---
[INFO] Nothing to compile - all classes are up to date
[INFO]
[INFO] <<< spring-boot-maven-plugin:3.2.5:run (default-cli) < test-compile @ account-aggregation-service <<<
[INFO]
[INFO]
[INFO] --- spring-boot-maven-plugin:3.2.5:run (default-cli) @ account-aggregation-service ---
[INFO]
[INFO] -----------< com.mywealthmanagement:financial-core-service >------------
[INFO] Building financial-core-service 0.0.1-SNAPSHOT
[INFO] --------------------------------[ jar ]---------------------------------
[INFO]
[INFO] >>> spring-boot-maven-plugin:3.2.5:run (default-cli) > test-compile @ financial-core-service >>>
[INFO] Attaching agents: []
[INFO]
[INFO] --- maven-resources-plugin:3.3.1:resources (default-resources) @ api-gateway ---
[INFO] Copying 1 resource from src/main/resources to target/classes
[INFO] Copying 0 resource from src/main/resources to target/classes
[INFO]
[INFO] --- maven-compiler-plugin:3.11.0:compile (default-compile) @ api-gateway ---
[INFO] Nothing to compile - all classes are up to date
[INFO]
[INFO] --- maven-resources-plugin:3.3.1:testResources (default-testResources) @ api-gateway ---
[INFO] skip non existing resourceDirectory /Users/suresh/Desktop/projects/my-wealth-management/finance-mvp/apps/api-gateway/src/test/resources
[INFO]
[INFO] --- maven-compiler-plugin:3.11.0:testCompile (default-testCompile) @ api-gateway ---
[INFO]
[INFO] --- maven-resources-plugin:3.3.1:resources (default-resources) @ auth-service ---
[INFO] No sources to compile
[INFO]
[INFO] <<< spring-boot-maven-plugin:3.2.5:run (default-cli) < test-compile @ api-gateway <<<
[INFO]
[INFO]
[INFO] --- spring-boot-maven-plugin:3.2.5:run (default-cli) @ api-gateway ---
[INFO] Copying 3 resources from src/main/resources to target/classes
[INFO]
[INFO] --- maven-resources-plugin:3.3.1:resources (default-resources) @ financial-core-service ---
[INFO] Attaching agents: []
[INFO] Copying 2 resources from src/main/resources to target/classes
[INFO]
[INFO] --- maven-compiler-plugin:3.11.0:compile (default-compile) @ auth-service ---
[INFO] Copying 3 resources from src/main/resources to target/classes
[INFO] Nothing to compile - all classes are up to date
[INFO]
[INFO] --- maven-resources-plugin:3.3.1:testResources (default-testResources) @ auth-service ---
[INFO] skip non existing resourceDirectory /Users/suresh/Desktop/projects/my-wealth-management/finance-mvp/apps/auth-service/src/test/resources
[INFO]
[INFO] --- maven-compiler-plugin:3.11.0:testCompile (default-testCompile) @ auth-service ---
[INFO] No sources to compile
[INFO]
[INFO] <<< spring-boot-maven-plugin:3.2.5:run (default-cli) < test-compile @ auth-service <<<
[INFO]
[INFO]
[INFO] --- spring-boot-maven-plugin:3.2.5:run (default-cli) @ auth-service ---
[INFO] Copying 2 resources from src/main/resources to target/classes
[INFO]
[INFO] --- maven-compiler-plugin:3.11.0:compile (default-compile) @ financial-core-service ---

  .   ____          _            __ _ _
 /\\ / ___'_ __ _ _(_)_ __  __ _ \ \ \ \
( ( )\___ | '_ | '_| | '_ \/ _` | \ \ \ \
 \\/  ___)| |_)| | | | | || (_| |  ) ) ) )
  '  |____| .__|_| |_|_| |_\__, | / / / /
 =========|_|==============|___/=/_/_/_/
 :: Spring Boot ::                (v3.2.5)

[INFO] Nothing to compile - all classes are up to date
[INFO]
[INFO] --- maven-resources-plugin:3.3.1:testResources (default-testResources) @ financial-core-service ---
[INFO] skip non existing resourceDirectory /Users/suresh/Desktop/projects/my-wealth-management/finance-mvp/apps/financial-core-service/src/test/resources
[INFO]
[INFO] --- maven-compiler-plugin:3.11.0:testCompile (default-testCompile) @ financial-core-service ---
[INFO] No sources to compile
[INFO]
[INFO] <<< spring-boot-maven-plugin:3.2.5:run (default-cli) < test-compile @ financial-core-service <<<
[INFO]
[INFO]
[INFO] --- spring-boot-maven-plugin:3.2.5:run (default-cli) @ financial-core-service ---
[INFO] Attaching agents: []
2026-06-04T22:44:00.261-05:00  INFO 22795 --- [account-aggregation-service] [           main] m.a.AccountAggregationServiceApplication : Starting AccountAggregationServiceApplication using Java 18.0.2 with PID 22795 (/Users/suresh/Desktop/projects/my-wealth-management/finance-mvp/apps/account-aggregation-service/target/classes started by suresh in /Users/suresh/Desktop/projects/my-wealth-management/finance-mvp/apps/account-aggregation-service)
2026-06-04T22:44:00.263-05:00  INFO 22795 --- [account-aggregation-service] [           main] m.a.AccountAggregationServiceApplication : The following 1 profile is active: "dev"
[INFO] Attaching agents: []

  .   ____          _            __ _ _
 /\\ / ___'_ __ _ _(_)_ __  __ _ \ \ \ \
( ( )\___ | '_ | '_| | '_ \/ _` | \ \ \ \
 \\/  ___)| |_)| | | | | || (_| |  ) ) ) )
  '  |____| .__|_| |_|_| |_\__, | / / / /
 =========|_|==============|___/=/_/_/_/
 :: Spring Boot ::                (v3.2.5)

2026-06-04T22:44:00.667-05:00  INFO 22796 --- [api-gateway] [           main] c.m.apigateway.ApiGatewayApplication     : Starting ApiGatewayApplication using Java 18.0.2 with PID 22796 (/Users/suresh/Desktop/projects/my-wealth-management/finance-mvp/apps/api-gateway/target/classes started by suresh in /Users/suresh/Desktop/projects/my-wealth-management/finance-mvp/apps/api-gateway)
2026-06-04T22:44:00.669-05:00  INFO 22796 --- [api-gateway] [           main] c.m.apigateway.ApiGatewayApplication     : No active profile set, falling back to 1 default profile: "default"

  .   ____          _            __ _ _
 /\\ / ___'_ __ _ _(_)_ __  __ _ \ \ \ \
( ( )\___ | '_ | '_| | '_ \/ _` | \ \ \ \
 \\/  ___)| |_)| | | | | || (_| |  ) ) ) )
  '  |____| .__|_| |_|_| |_\__, | / / / /
 =========|_|==============|___/=/_/_/_/
 :: Spring Boot ::                (v3.2.5)

2026-06-04T22:44:00.768-05:00  INFO 22795 --- [account-aggregation-service] [           main] .s.d.r.c.RepositoryConfigurationDelegate : Bootstrapping Spring Data JPA repositories in DEFAULT mode.
2026-06-04T22:44:00.770-05:00  INFO 22797 --- [auth-service] [           main] c.m.authservice.AuthServiceApplication   : Starting AuthServiceApplication using Java 18.0.2 with PID 22797 (/Users/suresh/Desktop/projects/my-wealth-management/finance-mvp/apps/auth-service/target/classes started by suresh in /Users/suresh/Desktop/projects/my-wealth-management/finance-mvp/apps/auth-service)
2026-06-04T22:44:00.773-05:00  INFO 22797 --- [auth-service] [           main] c.m.authservice.AuthServiceApplication   : The following 1 profile is active: "dev"
2026-06-04T22:44:00.816-05:00  INFO 22795 --- [account-aggregation-service] [           main] .s.d.r.c.RepositoryConfigurationDelegate : Finished Spring Data repository scanning in 44 ms. Found 3 JPA repository interfaces.

  .   ____          _            __ _ _
 /\\ / ___'_ __ _ _(_)_ __  __ _ \ \ \ \
( ( )\___ | '_ | '_| | '_ \/ _` | \ \ \ \
 \\/  ___)| |_)| | | | | || (_| |  ) ) ) )
  '  |____| .__|_| |_|_| |_\__, | / / / /
 =========|_|==============|___/=/_/_/_/
 :: Spring Boot ::                (v3.2.5)

2026-06-04T22:44:00.926-05:00  INFO 22804 --- [financial-core-service] [           main] c.m.f.FinancialCoreServiceApplication    : Starting FinancialCoreServiceApplication using Java 18.0.2 with PID 22804 (/Users/suresh/Desktop/projects/my-wealth-management/finance-mvp/apps/financial-core-service/target/classes started by suresh in /Users/suresh/Desktop/projects/my-wealth-management/finance-mvp/apps/financial-core-service)
2026-06-04T22:44:00.930-05:00  INFO 22804 --- [financial-core-service] [           main] c.m.f.FinancialCoreServiceApplication    : The following 1 profile is active: "dev"
2026-06-04T22:44:01.196-05:00  INFO 22796 --- [api-gateway] [           main] o.s.cloud.context.scope.GenericScope     : BeanFactory id=5b374d4c-2cc5-320a-b49c-b6cda6ba7c05
2026-06-04T22:44:01.245-05:00  INFO 22797 --- [auth-service] [           main] .s.d.r.c.RepositoryConfigurationDelegate : Bootstrapping Spring Data JPA repositories in DEFAULT mode.
2026-06-04T22:44:01.271-05:00  INFO 22795 --- [account-aggregation-service] [           main] o.s.b.w.embedded.tomcat.TomcatWebServer  : Tomcat initialized with port 8082 (http)
2026-06-04T22:44:01.285-05:00  INFO 22795 --- [account-aggregation-service] [           main] o.apache.catalina.core.StandardService   : Starting service [Tomcat]
2026-06-04T22:44:01.285-05:00  INFO 22795 --- [account-aggregation-service] [           main] o.apache.catalina.core.StandardEngine    : Starting Servlet engine: [Apache Tomcat/10.1.20]
2026-06-04T22:44:01.287-05:00  INFO 22797 --- [auth-service] [           main] .s.d.r.c.RepositoryConfigurationDelegate : Finished Spring Data repository scanning in 37 ms. Found 1 JPA repository interface.
2026-06-04T22:44:01.343-05:00  INFO 22795 --- [account-aggregation-service] [           main] o.a.c.c.C.[Tomcat].[localhost].[/]       : Initializing Spring embedded WebApplicationContext
2026-06-04T22:44:01.343-05:00  INFO 22795 --- [account-aggregation-service] [           main] w.s.c.ServletWebServerApplicationContext : Root WebApplicationContext: initialization completed in 1041 ms
2026-06-04T22:44:01.368-05:00  INFO 22795 --- [account-aggregation-service] [           main] com.zaxxer.hikari.HikariDataSource       : HikariPool-1 - Starting...
2026-06-04T22:44:01.447-05:00  INFO 22804 --- [financial-core-service] [           main] .s.d.r.c.RepositoryConfigurationDelegate : Bootstrapping Spring Data JPA repositories in DEFAULT mode.
2026-06-04T22:44:01.525-05:00  INFO 22795 --- [account-aggregation-service] [           main] com.zaxxer.hikari.pool.HikariPool        : HikariPool-1 - Added connection conn0: url=jdbc:h2:mem:aggdb user=SA
2026-06-04T22:44:01.526-05:00  INFO 22795 --- [account-aggregation-service] [           main] com.zaxxer.hikari.HikariDataSource       : HikariPool-1 - Start completed.
2026-06-04T22:44:01.540-05:00  INFO 22795 --- [account-aggregation-service] [           main] o.s.b.a.h2.H2ConsoleAutoConfiguration    : H2 console available at '/h2-console'. Database available at 'jdbc:h2:mem:aggdb'
2026-06-04T22:44:01.556-05:00  INFO 22804 --- [financial-core-service] [           main] .s.d.r.c.RepositoryConfigurationDelegate : Finished Spring Data repository scanning in 105 ms. Found 4 JPA repository interfaces.
2026-06-04T22:44:01.680-05:00  INFO 22795 --- [account-aggregation-service] [           main] o.f.c.internal.license.VersionPrinter    : Flyway Community Edition 9.22.3 by Redgate
2026-06-04T22:44:01.680-05:00  INFO 22795 --- [account-aggregation-service] [           main] o.f.c.internal.license.VersionPrinter    : See release notes here: https://rd.gt/416ObMi
2026-06-04T22:44:01.680-05:00  INFO 22795 --- [account-aggregation-service] [           main] o.f.c.internal.license.VersionPrinter    :
2026-06-04T22:44:01.714-05:00  INFO 22795 --- [account-aggregation-service] [           main] org.flywaydb.core.FlywayExecutor         : Database: jdbc:h2:mem:aggdb (H2 2.2)
2026-06-04T22:44:01.717-05:00  WARN 22795 --- [account-aggregation-service] [           main] o.f.c.internal.database.base.Database    : Flyway upgrade recommended: H2 2.2.224 is newer than this version of Flyway and support has not been tested. The latest supported version of H2 is 2.2.220.
2026-06-04T22:44:01.733-05:00  INFO 22795 --- [account-aggregation-service] [           main] o.f.c.i.s.JdbcTableSchemaHistory         : Schema history table "PUBLIC"."flyway_schema_history" does not exist yet
2026-06-04T22:44:01.734-05:00  INFO 22795 --- [account-aggregation-service] [           main] o.f.core.internal.command.DbValidate     : Successfully validated 1 migration (execution time 00:00.007s)
2026-06-04T22:44:01.738-05:00  INFO 22795 --- [account-aggregation-service] [           main] o.f.c.i.s.JdbcTableSchemaHistory         : Creating Schema History table "PUBLIC"."flyway_schema_history" ...
2026-06-04T22:44:01.788-05:00  INFO 22795 --- [account-aggregation-service] [           main] o.f.core.internal.command.DbMigrate      : Current version of schema "PUBLIC": << Empty Schema >>
2026-06-04T22:44:01.806-05:00  INFO 22795 --- [account-aggregation-service] [           main] o.f.core.internal.command.DbMigrate      : Migrating schema "PUBLIC" to version "1 - create plaid tables"
2026-06-04T22:44:01.811-05:00  INFO 22804 --- [financial-core-service] [           main] o.s.cloud.context.scope.GenericScope     : BeanFactory id=82f887aa-92b6-389a-91ca-2f26c9b93e5d
2026-06-04T22:44:01.812-05:00  INFO 22797 --- [auth-service] [           main] o.s.b.w.embedded.tomcat.TomcatWebServer  : Tomcat initialized with port 8081 (http)
2026-06-04T22:44:01.822-05:00  INFO 22797 --- [auth-service] [           main] o.apache.catalina.core.StandardService   : Starting service [Tomcat]
2026-06-04T22:44:01.822-05:00  INFO 22797 --- [auth-service] [           main] o.apache.catalina.core.StandardEngine    : Starting Servlet engine: [Apache Tomcat/10.1.20]
2026-06-04T22:44:01.841-05:00  INFO 22796 --- [api-gateway] [           main] o.s.c.g.r.RouteDefinitionRouteLocator    : Loaded RoutePredicateFactory [After]
2026-06-04T22:44:01.841-05:00  INFO 22796 --- [api-gateway] [           main] o.s.c.g.r.RouteDefinitionRouteLocator    : Loaded RoutePredicateFactory [Before]
2026-06-04T22:44:01.841-05:00  INFO 22796 --- [api-gateway] [           main] o.s.c.g.r.RouteDefinitionRouteLocator    : Loaded RoutePredicateFactory [Between]
2026-06-04T22:44:01.841-05:00  INFO 22796 --- [api-gateway] [           main] o.s.c.g.r.RouteDefinitionRouteLocator    : Loaded RoutePredicateFactory [Cookie]
2026-06-04T22:44:01.841-05:00  INFO 22796 --- [api-gateway] [           main] o.s.c.g.r.RouteDefinitionRouteLocator    : Loaded RoutePredicateFactory [Header]
2026-06-04T22:44:01.841-05:00  INFO 22796 --- [api-gateway] [           main] o.s.c.g.r.RouteDefinitionRouteLocator    : Loaded RoutePredicateFactory [Host]
2026-06-04T22:44:01.841-05:00  INFO 22796 --- [api-gateway] [           main] o.s.c.g.r.RouteDefinitionRouteLocator    : Loaded RoutePredicateFactory [Method]
2026-06-04T22:44:01.841-05:00  INFO 22796 --- [api-gateway] [           main] o.s.c.g.r.RouteDefinitionRouteLocator    : Loaded RoutePredicateFactory [Path]
2026-06-04T22:44:01.841-05:00  INFO 22796 --- [api-gateway] [           main] o.s.c.g.r.RouteDefinitionRouteLocator    : Loaded RoutePredicateFactory [Query]
2026-06-04T22:44:01.841-05:00  INFO 22796 --- [api-gateway] [           main] o.s.c.g.r.RouteDefinitionRouteLocator    : Loaded RoutePredicateFactory [ReadBody]
2026-06-04T22:44:01.841-05:00  INFO 22796 --- [api-gateway] [           main] o.s.c.g.r.RouteDefinitionRouteLocator    : Loaded RoutePredicateFactory [RemoteAddr]
2026-06-04T22:44:01.841-05:00  INFO 22796 --- [api-gateway] [           main] o.s.c.g.r.RouteDefinitionRouteLocator    : Loaded RoutePredicateFactory [XForwardedRemoteAddr]
2026-06-04T22:44:01.841-05:00  INFO 22796 --- [api-gateway] [           main] o.s.c.g.r.RouteDefinitionRouteLocator    : Loaded RoutePredicateFactory [Weight]
2026-06-04T22:44:01.841-05:00  INFO 22796 --- [api-gateway] [           main] o.s.c.g.r.RouteDefinitionRouteLocator    : Loaded RoutePredicateFactory [CloudFoundryRouteService]
2026-06-04T22:44:01.849-05:00  INFO 22795 --- [account-aggregation-service] [           main] o.f.core.internal.command.DbMigrate      : Successfully applied 1 migration to schema "PUBLIC", now at version v1 (execution time 00:00.036s)
2026-06-04T22:44:01.872-05:00  INFO 22797 --- [auth-service] [           main] o.a.c.c.C.[Tomcat].[localhost].[/]       : Initializing Spring embedded WebApplicationContext
2026-06-04T22:44:01.915-05:00  INFO 22797 --- [auth-service] [           main] w.s.c.ServletWebServerApplicationContext : Root WebApplicationContext: initialization completed in 1071 ms
2026-06-04T22:44:01.986-05:00  INFO 22797 --- [auth-service] [           main] com.zaxxer.hikari.HikariDataSource       : HikariPool-1 - Starting...
2026-06-04T22:44:02.001-05:00  INFO 22795 --- [account-aggregation-service] [           main] o.hibernate.jpa.internal.util.LogHelper  : HHH000204: Processing PersistenceUnitInfo [name: default]
2026-06-04T22:44:02.064-05:00  INFO 22795 --- [account-aggregation-service] [           main] org.hibernate.Version                    : HHH000412: Hibernate ORM core version 6.4.4.Final
2026-06-04T22:44:02.099-05:00  INFO 22795 --- [account-aggregation-service] [           main] o.h.c.internal.RegionFactoryInitiator    : HHH000026: Second-level cache disabled
2026-06-04T22:44:02.171-05:00  INFO 22797 --- [auth-service] [           main] com.zaxxer.hikari.pool.HikariPool        : HikariPool-1 - Added connection conn0: url=jdbc:h2:mem:authdb user=SA
2026-06-04T22:44:02.171-05:00  INFO 22796 --- [api-gateway] [           main] o.s.b.web.embedded.netty.NettyWebServer  : Netty started on port 8080
2026-06-04T22:44:02.172-05:00  INFO 22797 --- [auth-service] [           main] com.zaxxer.hikari.HikariDataSource       : HikariPool-1 - Start completed.
2026-06-04T22:44:02.177-05:00  INFO 22797 --- [auth-service] [           main] o.s.b.a.h2.H2ConsoleAutoConfiguration    : H2 console available at '/h2-console'. Database available at 'jdbc:h2:mem:authdb'
2026-06-04T22:44:02.196-05:00  INFO 22796 --- [api-gateway] [           main] c.m.apigateway.ApiGatewayApplication     : Started ApiGatewayApplication in 1.853 seconds (process running for 2.121)
2026-06-04T22:44:02.230-05:00  INFO 22804 --- [financial-core-service] [           main] o.s.b.w.embedded.tomcat.TomcatWebServer  : Tomcat initialized with port 8083 (http)
2026-06-04T22:44:02.232-05:00  INFO 22795 --- [account-aggregation-service] [           main] o.s.o.j.p.SpringPersistenceUnitInfo      : No LoadTimeWeaver setup: ignoring JPA class transformer
2026-06-04T22:44:02.236-05:00  INFO 22804 --- [financial-core-service] [           main] o.apache.catalina.core.StandardService   : Starting service [Tomcat]
2026-06-04T22:44:02.236-05:00  INFO 22804 --- [financial-core-service] [           main] o.apache.catalina.core.StandardEngine    : Starting Servlet engine: [Apache Tomcat/10.1.20]
2026-06-04T22:44:02.240-05:00  INFO 22797 --- [auth-service] [           main] o.f.c.internal.license.VersionPrinter    : Flyway Community Edition 9.22.3 by Redgate
2026-06-04T22:44:02.240-05:00  INFO 22797 --- [auth-service] [           main] o.f.c.internal.license.VersionPrinter    : See release notes here: https://rd.gt/416ObMi
2026-06-04T22:44:02.241-05:00  INFO 22797 --- [auth-service] [           main] o.f.c.internal.license.VersionPrinter    :
2026-06-04T22:44:02.260-05:00  WARN 22795 --- [account-aggregation-service] [           main] org.hibernate.orm.deprecation            : HHH90000025: H2Dialect does not need to be specified explicitly using 'hibernate.dialect' (remove the property setting and it will be selected by default)
2026-06-04T22:44:02.265-05:00  INFO 22797 --- [auth-service] [           main] org.flywaydb.core.FlywayExecutor         : Database: jdbc:h2:mem:authdb (H2 2.2)
2026-06-04T22:44:02.266-05:00  INFO 22804 --- [financial-core-service] [           main] o.a.c.c.C.[Tomcat].[localhost].[/]       : Initializing Spring embedded WebApplicationContext
2026-06-04T22:44:02.266-05:00  INFO 22804 --- [financial-core-service] [           main] w.s.c.ServletWebServerApplicationContext : Root WebApplicationContext: initialization completed in 1303 ms
2026-06-04T22:44:02.269-05:00  WARN 22797 --- [auth-service] [           main] o.f.c.internal.database.base.Database    : Flyway upgrade recommended: H2 2.2.224 is newer than this version of Flyway and support has not been tested. The latest supported version of H2 is 2.2.220.
2026-06-04T22:44:02.280-05:00  INFO 22797 --- [auth-service] [           main] o.f.c.i.s.JdbcTableSchemaHistory         : Schema history table "PUBLIC"."flyway_schema_history" does not exist yet
2026-06-04T22:44:02.282-05:00  INFO 22797 --- [auth-service] [           main] o.f.core.internal.command.DbValidate     : Successfully validated 1 migration (execution time 00:00.007s)
2026-06-04T22:44:02.285-05:00  INFO 22797 --- [auth-service] [           main] o.f.c.i.s.JdbcTableSchemaHistory         : Creating Schema History table "PUBLIC"."flyway_schema_history" ...
2026-06-04T22:44:02.287-05:00  INFO 22804 --- [financial-core-service] [           main] com.zaxxer.hikari.HikariDataSource       : HikariPool-1 - Starting...
2026-06-04T22:44:02.302-05:00  INFO 22797 --- [auth-service] [           main] o.f.core.internal.command.DbMigrate      : Current version of schema "PUBLIC": << Empty Schema >>
2026-06-04T22:44:02.307-05:00  INFO 22797 --- [auth-service] [           main] o.f.core.internal.command.DbMigrate      : Migrating schema "PUBLIC" to version "1 - create user table"
2026-06-04T22:44:02.315-05:00  INFO 22797 --- [auth-service] [           main] o.f.core.internal.command.DbMigrate      : Successfully applied 1 migration to schema "PUBLIC", now at version v1 (execution time 00:00.006s)
2026-06-04T22:44:02.370-05:00  INFO 22797 --- [auth-service] [           main] o.hibernate.jpa.internal.util.LogHelper  : HHH000204: Processing PersistenceUnitInfo [name: default]
2026-06-04T22:44:02.397-05:00  INFO 22797 --- [auth-service] [           main] org.hibernate.Version                    : HHH000412: Hibernate ORM core version 6.4.4.Final
2026-06-04T22:44:02.400-05:00  INFO 22804 --- [financial-core-service] [           main] com.zaxxer.hikari.pool.HikariPool        : HikariPool-1 - Added connection conn0: url=jdbc:h2:mem:financialdb user=SA
2026-06-04T22:44:02.401-05:00  INFO 22804 --- [financial-core-service] [           main] com.zaxxer.hikari.HikariDataSource       : HikariPool-1 - Start completed.
2026-06-04T22:44:02.407-05:00  INFO 22804 --- [financial-core-service] [           main] o.s.b.a.h2.H2ConsoleAutoConfiguration    : H2 console available at '/h2-console'. Database available at 'jdbc:h2:mem:financialdb'
2026-06-04T22:44:02.414-05:00  INFO 22797 --- [auth-service] [           main] o.h.c.internal.RegionFactoryInitiator    : HHH000026: Second-level cache disabled
2026-06-04T22:44:02.481-05:00  INFO 22804 --- [financial-core-service] [           main] o.f.c.internal.license.VersionPrinter    : Flyway Community Edition 9.22.3 by Redgate
2026-06-04T22:44:02.481-05:00  INFO 22804 --- [financial-core-service] [           main] o.f.c.internal.license.VersionPrinter    : See release notes here: https://rd.gt/416ObMi
2026-06-04T22:44:02.481-05:00  INFO 22804 --- [financial-core-service] [           main] o.f.c.internal.license.VersionPrinter    :
2026-06-04T22:44:02.502-05:00  INFO 22804 --- [financial-core-service] [           main] org.flywaydb.core.FlywayExecutor         : Database: jdbc:h2:mem:financialdb (H2 2.2)
2026-06-04T22:44:02.505-05:00  WARN 22804 --- [financial-core-service] [           main] o.f.c.internal.database.base.Database    : Flyway upgrade recommended: H2 2.2.224 is newer than this version of Flyway and support has not been tested. The latest supported version of H2 is 2.2.220.
2026-06-04T22:44:02.519-05:00  INFO 22797 --- [auth-service] [           main] o.s.o.j.p.SpringPersistenceUnitInfo      : No LoadTimeWeaver setup: ignoring JPA class transformer
2026-06-04T22:44:02.520-05:00  INFO 22804 --- [financial-core-service] [           main] o.f.c.i.s.JdbcTableSchemaHistory         : Schema history table "PUBLIC"."flyway_schema_history" does not exist yet
2026-06-04T22:44:02.521-05:00  INFO 22804 --- [financial-core-service] [           main] o.f.core.internal.command.DbValidate     : Successfully validated 1 migration (execution time 00:00.007s)
2026-06-04T22:44:02.525-05:00  INFO 22804 --- [financial-core-service] [           main] o.f.c.i.s.JdbcTableSchemaHistory         : Creating Schema History table "PUBLIC"."flyway_schema_history" ...
2026-06-04T22:44:02.541-05:00  INFO 22804 --- [financial-core-service] [           main] o.f.core.internal.command.DbMigrate      : Current version of schema "PUBLIC": << Empty Schema >>
2026-06-04T22:44:02.543-05:00  WARN 22797 --- [auth-service] [           main] org.hibernate.orm.deprecation            : HHH90000025: H2Dialect does not need to be specified explicitly using 'hibernate.dialect' (remove the property setting and it will be selected by default)
2026-06-04T22:44:02.545-05:00  INFO 22804 --- [financial-core-service] [           main] o.f.core.internal.command.DbMigrate      : Migrating schema "PUBLIC" to version "1 - create financial tables"
2026-06-04T22:44:02.550-05:00 ERROR 22804 --- [financial-core-service] [           main] o.f.core.internal.command.DbMigrate      : Migration of schema "PUBLIC" to version "1 - create financial tables" failed! Please restore backups and roll back database and code!
2026-06-04T22:44:02.553-05:00  WARN 22804 --- [financial-core-service] [           main] ConfigServletWebServerApplicationContext : Exception encountered during context initialization - cancelling refresh attempt: org.springframework.beans.factory.BeanCreationException: Error creating bean with name 'flywayInitializer' defined in class path resource [org/springframework/boot/autoconfigure/flyway/FlywayAutoConfiguration$FlywayConfiguration.class]: Migration V1__create_financial_tables.sql failed
------------------------------------------------
SQL State  : 42001
Error Code : 42001
Message    : Syntax error in SQL statement "CREATE TABLE budgets (\000a    id BIGSERIAL PRIMARY KEY,\000a    user_id BIGINT NOT NULL,\000a    [*]month VARCHAR(7) NOT NULL, -- YYYY-MM\000a    created_at TIMESTAMP WITHOUT TIME ZONE NOT NULL DEFAULT NOW(),\000a    updated_at TIMESTAMP WITHOUT TIME ZONE NOT NULL DEFAULT NOW(),\000a    UNIQUE (user_id, month)\000a)"; expected "identifier"; SQL statement:
CREATE TABLE budgets (
    id BIGSERIAL PRIMARY KEY,
    user_id BIGINT NOT NULL,
    month VARCHAR(7) NOT NULL, -- YYYY-MM
    created_at TIMESTAMP WITHOUT TIME ZONE NOT NULL DEFAULT NOW(),
    updated_at TIMESTAMP WITHOUT TIME ZONE NOT NULL DEFAULT NOW(),
    UNIQUE (user_id, month)
) [42001-224]
Location   : db/migration/V1__create_financial_tables.sql (/Users/suresh/Desktop/projects/my-wealth-management/finance-mvp/apps/financial-core-service/target/classes/db/migration/V1__create_financial_tables.sql)
Line       : 1
Statement  : CREATE TABLE budgets (
    id BIGSERIAL PRIMARY KEY,
    user_id BIGINT NOT NULL,
    month VARCHAR(7) NOT NULL, -- YYYY-MM
    created_at TIMESTAMP WITHOUT TIME ZONE NOT NULL DEFAULT NOW(),
    updated_at TIMESTAMP WITHOUT TIME ZONE NOT NULL DEFAULT NOW(),
    UNIQUE (user_id, month)
)

2026-06-04T22:44:02.553-05:00  INFO 22804 --- [financial-core-service] [           main] com.zaxxer.hikari.HikariDataSource       : HikariPool-1 - Shutdown initiated...
2026-06-04T22:44:02.554-05:00  INFO 22804 --- [financial-core-service] [           main] com.zaxxer.hikari.HikariDataSource       : HikariPool-1 - Shutdown completed.
2026-06-04T22:44:02.556-05:00  INFO 22804 --- [financial-core-service] [           main] o.apache.catalina.core.StandardService   : Stopping service [Tomcat]
2026-06-04T22:44:02.565-05:00  INFO 22804 --- [financial-core-service] [           main] .s.b.a.l.ConditionEvaluationReportLogger :

Error starting ApplicationContext. To display the condition evaluation report re-run your application with 'debug' enabled.
2026-06-04T22:44:02.575-05:00 ERROR 22804 --- [financial-core-service] [           main] o.s.boot.SpringApplication               : Application run failed

org.springframework.beans.factory.BeanCreationException: Error creating bean with name 'flywayInitializer' defined in class path resource [org/springframework/boot/autoconfigure/flyway/FlywayAutoConfiguration$FlywayConfiguration.class]: Migration V1__create_financial_tables.sql failed
------------------------------------------------
SQL State  : 42001
Error Code : 42001
Message    : Syntax error in SQL statement "CREATE TABLE budgets (\000a    id BIGSERIAL PRIMARY KEY,\000a    user_id BIGINT NOT NULL,\000a    [*]month VARCHAR(7) NOT NULL, -- YYYY-MM\000a    created_at TIMESTAMP WITHOUT TIME ZONE NOT NULL DEFAULT NOW(),\000a    updated_at TIMESTAMP WITHOUT TIME ZONE NOT NULL DEFAULT NOW(),\000a    UNIQUE (user_id, month)\000a)"; expected "identifier"; SQL statement:
CREATE TABLE budgets (
    id BIGSERIAL PRIMARY KEY,
    user_id BIGINT NOT NULL,
    month VARCHAR(7) NOT NULL, -- YYYY-MM
    created_at TIMESTAMP WITHOUT TIME ZONE NOT NULL DEFAULT NOW(),
    updated_at TIMESTAMP WITHOUT TIME ZONE NOT NULL DEFAULT NOW(),
    UNIQUE (user_id, month)
) [42001-224]
Location   : db/migration/V1__create_financial_tables.sql (/Users/suresh/Desktop/projects/my-wealth-management/finance-mvp/apps/financial-core-service/target/classes/db/migration/V1__create_financial_tables.sql)
Line       : 1
Statement  : CREATE TABLE budgets (
    id BIGSERIAL PRIMARY KEY,
    user_id BIGINT NOT NULL,
    month VARCHAR(7) NOT NULL, -- YYYY-MM
    created_at TIMESTAMP WITHOUT TIME ZONE NOT NULL DEFAULT NOW(),
    updated_at TIMESTAMP WITHOUT TIME ZONE NOT NULL DEFAULT NOW(),
    UNIQUE (user_id, month)
)

        at org.springframework.beans.factory.support.AbstractAutowireCapableBeanFactory.initializeBean(AbstractAutowireCapableBeanFactory.java:1786) ~[spring-beans-6.1.6.jar:6.1.6]
        at org.springframework.beans.factory.support.AbstractAutowireCapableBeanFactory.doCreateBean(AbstractAutowireCapableBeanFactory.java:600) ~[spring-beans-6.1.6.jar:6.1.6]
        at org.springframework.beans.factory.support.AbstractAutowireCapableBeanFactory.createBean(AbstractAutowireCapableBeanFactory.java:522) ~[spring-beans-6.1.6.jar:6.1.6]
        at org.springframework.beans.factory.support.AbstractBeanFactory.lambda$doGetBean$0(AbstractBeanFactory.java:326) ~[spring-beans-6.1.6.jar:6.1.6]
        at org.springframework.beans.factory.support.DefaultSingletonBeanRegistry.getSingleton(DefaultSingletonBeanRegistry.java:234) ~[spring-beans-6.1.6.jar:6.1.6]
        at org.springframework.beans.factory.support.AbstractBeanFactory.doGetBean(AbstractBeanFactory.java:324) ~[spring-beans-6.1.6.jar:6.1.6]
        at org.springframework.beans.factory.support.AbstractBeanFactory.getBean(AbstractBeanFactory.java:200) ~[spring-beans-6.1.6.jar:6.1.6]
        at org.springframework.beans.factory.support.AbstractBeanFactory.doGetBean(AbstractBeanFactory.java:313) ~[spring-beans-6.1.6.jar:6.1.6]
        at org.springframework.beans.factory.support.AbstractBeanFactory.getBean(AbstractBeanFactory.java:200) ~[spring-beans-6.1.6.jar:6.1.6]
        at org.springframework.context.support.AbstractApplicationContext.getBean(AbstractApplicationContext.java:1234) ~[spring-context-6.1.6.jar:6.1.6]
        at org.springframework.context.support.AbstractApplicationContext.finishBeanFactoryInitialization(AbstractApplicationContext.java:952) ~[spring-context-6.1.6.jar:6.1.6]
        at org.springframework.context.support.AbstractApplicationContext.refresh(AbstractApplicationContext.java:624) ~[spring-context-6.1.6.jar:6.1.6]
        at org.springframework.boot.web.servlet.context.ServletWebServerApplicationContext.refresh(ServletWebServerApplicationContext.java:146) ~[spring-boot-3.2.5.jar:3.2.5]
        at org.springframework.boot.SpringApplication.refresh(SpringApplication.java:754) ~[spring-boot-3.2.5.jar:3.2.5]
        at org.springframework.boot.SpringApplication.refreshContext(SpringApplication.java:456) ~[spring-boot-3.2.5.jar:3.2.5]
        at org.springframework.boot.SpringApplication.run(SpringApplication.java:334) ~[spring-boot-3.2.5.jar:3.2.5]
        at org.springframework.boot.SpringApplication.run(SpringApplication.java:1354) ~[spring-boot-3.2.5.jar:3.2.5]
        at org.springframework.boot.SpringApplication.run(SpringApplication.java:1343) ~[spring-boot-3.2.5.jar:3.2.5]
        at com.mywealthmanagement.financialcoreservice.FinancialCoreServiceApplication.main(FinancialCoreServiceApplication.java:12) ~[classes/:na]
Caused by: org.flywaydb.core.internal.command.DbMigrate$FlywayMigrateException: Migration V1__create_financial_tables.sql failed
------------------------------------------------
SQL State  : 42001
Error Code : 42001
Message    : Syntax error in SQL statement "CREATE TABLE budgets (\000a    id BIGSERIAL PRIMARY KEY,\000a    user_id BIGINT NOT NULL,\000a    [*]month VARCHAR(7) NOT NULL, -- YYYY-MM\000a    created_at TIMESTAMP WITHOUT TIME ZONE NOT NULL DEFAULT NOW(),\000a    updated_at TIMESTAMP WITHOUT TIME ZONE NOT NULL DEFAULT NOW(),\000a    UNIQUE (user_id, month)\000a)"; expected "identifier"; SQL statement:
CREATE TABLE budgets (
    id BIGSERIAL PRIMARY KEY,
    user_id BIGINT NOT NULL,
    month VARCHAR(7) NOT NULL, -- YYYY-MM
    created_at TIMESTAMP WITHOUT TIME ZONE NOT NULL DEFAULT NOW(),
    updated_at TIMESTAMP WITHOUT TIME ZONE NOT NULL DEFAULT NOW(),
    UNIQUE (user_id, month)
) [42001-224]
Location   : db/migration/V1__create_financial_tables.sql (/Users/suresh/Desktop/projects/my-wealth-management/finance-mvp/apps/financial-core-service/target/classes/db/migration/V1__create_financial_tables.sql)
Line       : 1
Statement  : CREATE TABLE budgets (
    id BIGSERIAL PRIMARY KEY,
    user_id BIGINT NOT NULL,
    month VARCHAR(7) NOT NULL, -- YYYY-MM
    created_at TIMESTAMP WITHOUT TIME ZONE NOT NULL DEFAULT NOW(),
    updated_at TIMESTAMP WITHOUT TIME ZONE NOT NULL DEFAULT NOW(),
    UNIQUE (user_id, month)
)

        at org.flywaydb.core.internal.command.DbMigrate.doMigrateGroup(DbMigrate.java:382) ~[flyway-core-9.22.3.jar:na]
        at org.flywaydb.core.internal.command.DbMigrate.lambda$applyMigrations$1(DbMigrate.java:272) ~[flyway-core-9.22.3.jar:na]
        at org.flywaydb.core.internal.jdbc.TransactionalExecutionTemplate.execute(TransactionalExecutionTemplate.java:55) ~[flyway-core-9.22.3.jar:na]
        at org.flywaydb.core.internal.command.DbMigrate.applyMigrations(DbMigrate.java:271) ~[flyway-core-9.22.3.jar:na]
        at org.flywaydb.core.internal.command.DbMigrate.migrateGroup(DbMigrate.java:244) ~[flyway-core-9.22.3.jar:na]
        at org.flywaydb.core.internal.command.DbMigrate.lambda$migrateAll$0(DbMigrate.java:139) ~[flyway-core-9.22.3.jar:na]
        at org.flywaydb.core.internal.jdbc.TableLockingExecutionTemplate$1.call(TableLockingExecutionTemplate.java:36) ~[flyway-core-9.22.3.jar:na]
        at org.flywaydb.core.internal.jdbc.TransactionalExecutionTemplate.execute(TransactionalExecutionTemplate.java:55) ~[flyway-core-9.22.3.jar:na]
        at org.flywaydb.core.internal.jdbc.TableLockingExecutionTemplate.execute(TableLockingExecutionTemplate.java:31) ~[flyway-core-9.22.3.jar:na]
        at org.flywaydb.core.internal.database.base.Connection.lock(Connection.java:102) ~[flyway-core-9.22.3.jar:na]
        at org.flywaydb.core.internal.schemahistory.JdbcTableSchemaHistory.lock(JdbcTableSchemaHistory.java:144) ~[flyway-core-9.22.3.jar:na]
        at org.flywaydb.core.internal.command.DbMigrate.migrateAll(DbMigrate.java:139) ~[flyway-core-9.22.3.jar:na]
        at org.flywaydb.core.internal.command.DbMigrate.migrate(DbMigrate.java:97) ~[flyway-core-9.22.3.jar:na]
        at org.flywaydb.core.Flyway.lambda$migrate$0(Flyway.java:188) ~[flyway-core-9.22.3.jar:na]
        at org.flywaydb.core.FlywayExecutor.execute(FlywayExecutor.java:213) ~[flyway-core-9.22.3.jar:na]
        at org.flywaydb.core.Flyway.migrate(Flyway.java:140) ~[flyway-core-9.22.3.jar:na]
        at org.springframework.boot.autoconfigure.flyway.FlywayMigrationInitializer.afterPropertiesSet(FlywayMigrationInitializer.java:66) ~[spring-boot-autoconfigure-3.2.5.jar:3.2.5]
        at org.springframework.beans.factory.support.AbstractAutowireCapableBeanFactory.invokeInitMethods(AbstractAutowireCapableBeanFactory.java:1833) ~[spring-beans-6.1.6.jar:6.1.6]
        at org.springframework.beans.factory.support.AbstractAutowireCapableBeanFactory.initializeBean(AbstractAutowireCapableBeanFactory.java:1782) ~[spring-beans-6.1.6.jar:6.1.6]
        ... 18 common frames omitted
Caused by: org.flywaydb.core.internal.sqlscript.FlywaySqlScriptException: Migration V1__create_financial_tables.sql failed
------------------------------------------------
SQL State  : 42001
Error Code : 42001
Message    : Syntax error in SQL statement "CREATE TABLE budgets (\000a    id BIGSERIAL PRIMARY KEY,\000a    user_id BIGINT NOT NULL,\000a    [*]month VARCHAR(7) NOT NULL, -- YYYY-MM\000a    created_at TIMESTAMP WITHOUT TIME ZONE NOT NULL DEFAULT NOW(),\000a    updated_at TIMESTAMP WITHOUT TIME ZONE NOT NULL DEFAULT NOW(),\000a    UNIQUE (user_id, month)\000a)"; expected "identifier"; SQL statement:
CREATE TABLE budgets (
    id BIGSERIAL PRIMARY KEY,
    user_id BIGINT NOT NULL,
    month VARCHAR(7) NOT NULL, -- YYYY-MM
    created_at TIMESTAMP WITHOUT TIME ZONE NOT NULL DEFAULT NOW(),
    updated_at TIMESTAMP WITHOUT TIME ZONE NOT NULL DEFAULT NOW(),
    UNIQUE (user_id, month)
) [42001-224]
Location   : db/migration/V1__create_financial_tables.sql (/Users/suresh/Desktop/projects/my-wealth-management/finance-mvp/apps/financial-core-service/target/classes/db/migration/V1__create_financial_tables.sql)
Line       : 1
Statement  : CREATE TABLE budgets (
    id BIGSERIAL PRIMARY KEY,
    user_id BIGINT NOT NULL,
    month VARCHAR(7) NOT NULL, -- YYYY-MM
    created_at TIMESTAMP WITHOUT TIME ZONE NOT NULL DEFAULT NOW(),
    updated_at TIMESTAMP WITHOUT TIME ZONE NOT NULL DEFAULT NOW(),
    UNIQUE (user_id, month)
)

        at org.flywaydb.core.internal.sqlscript.DefaultSqlScriptExecutor.handleException(DefaultSqlScriptExecutor.java:267) ~[flyway-core-9.22.3.jar:na]
        at org.flywaydb.core.internal.sqlscript.DefaultSqlScriptExecutor.executeStatement(DefaultSqlScriptExecutor.java:222) ~[flyway-core-9.22.3.jar:na]
        at org.flywaydb.core.internal.sqlscript.DefaultSqlScriptExecutor.execute(DefaultSqlScriptExecutor.java:126) ~[flyway-core-9.22.3.jar:na]
        at org.flywaydb.core.internal.resolver.sql.SqlMigrationExecutor.executeOnce(SqlMigrationExecutor.java:68) ~[flyway-core-9.22.3.jar:na]
        at org.flywaydb.core.internal.resolver.sql.SqlMigrationExecutor.lambda$execute$0(SqlMigrationExecutor.java:57) ~[flyway-core-9.22.3.jar:na]
        at org.flywaydb.core.internal.database.DefaultExecutionStrategy.execute(DefaultExecutionStrategy.java:27) ~[flyway-core-9.22.3.jar:na]
        at org.flywaydb.core.internal.resolver.sql.SqlMigrationExecutor.execute(SqlMigrationExecutor.java:56) ~[flyway-core-9.22.3.jar:na]
        at org.flywaydb.core.internal.command.DbMigrate.doMigrateGroup(DbMigrate.java:374) ~[flyway-core-9.22.3.jar:na]
        ... 36 common frames omitted
Caused by: org.h2.jdbc.JdbcSQLSyntaxErrorException: Syntax error in SQL statement "CREATE TABLE budgets (\000a    id BIGSERIAL PRIMARY KEY,\000a    user_id BIGINT NOT NULL,\000a    [*]month VARCHAR(7) NOT NULL, -- YYYY-MM\000a    created_at TIMESTAMP WITHOUT TIME ZONE NOT NULL DEFAULT NOW(),\000a    updated_at TIMESTAMP WITHOUT TIME ZONE NOT NULL DEFAULT NOW(),\000a    UNIQUE (user_id, month)\000a)"; expected "identifier"; SQL statement:
CREATE TABLE budgets (
    id BIGSERIAL PRIMARY KEY,
    user_id BIGINT NOT NULL,
    month VARCHAR(7) NOT NULL, -- YYYY-MM
    created_at TIMESTAMP WITHOUT TIME ZONE NOT NULL DEFAULT NOW(),
    updated_at TIMESTAMP WITHOUT TIME ZONE NOT NULL DEFAULT NOW(),
    UNIQUE (user_id, month)
) [42001-224]
        at org.h2.message.DbException.getJdbcSQLException(DbException.java:514) ~[h2-2.2.224.jar:2.2.224]
        at org.h2.message.DbException.getJdbcSQLException(DbException.java:489) ~[h2-2.2.224.jar:2.2.224]
        at org.h2.message.DbException.getSyntaxError(DbException.java:261) ~[h2-2.2.224.jar:2.2.224]
        at org.h2.command.Parser.readIdentifier(Parser.java:5533) ~[h2-2.2.224.jar:2.2.224]
        at org.h2.command.Parser.parseTableColumnDefinition(Parser.java:8994) ~[h2-2.2.224.jar:2.2.224]
        at org.h2.command.Parser.parseCreateTable(Parser.java:8939) ~[h2-2.2.224.jar:2.2.224]
        at org.h2.command.Parser.parseCreate(Parser.java:6404) ~[h2-2.2.224.jar:2.2.224]
        at org.h2.command.Parser.parsePrepared(Parser.java:666) ~[h2-2.2.224.jar:2.2.224]
        at org.h2.command.Parser.parse(Parser.java:592) ~[h2-2.2.224.jar:2.2.224]
        at org.h2.command.Parser.parse(Parser.java:564) ~[h2-2.2.224.jar:2.2.224]
        at org.h2.command.Parser.prepareCommand(Parser.java:483) ~[h2-2.2.224.jar:2.2.224]
        at org.h2.engine.SessionLocal.prepareLocal(SessionLocal.java:639) ~[h2-2.2.224.jar:2.2.224]
        at org.h2.engine.SessionLocal.prepareCommand(SessionLocal.java:559) ~[h2-2.2.224.jar:2.2.224]
        at org.h2.jdbc.JdbcConnection.prepareCommand(JdbcConnection.java:1166) ~[h2-2.2.224.jar:2.2.224]
        at org.h2.jdbc.JdbcStatement.executeInternal(JdbcStatement.java:245) ~[h2-2.2.224.jar:2.2.224]
        at org.h2.jdbc.JdbcStatement.execute(JdbcStatement.java:231) ~[h2-2.2.224.jar:2.2.224]
        at com.zaxxer.hikari.pool.ProxyStatement.execute(ProxyStatement.java:94) ~[HikariCP-5.0.1.jar:na]
        at com.zaxxer.hikari.pool.HikariProxyStatement.execute(HikariProxyStatement.java) ~[HikariCP-5.0.1.jar:na]
        at org.flywaydb.core.internal.jdbc.JdbcTemplate.executeStatement(JdbcTemplate.java:201) ~[flyway-core-9.22.3.jar:na]
        at org.flywaydb.core.internal.sqlscript.ParsedSqlStatement.execute(ParsedSqlStatement.java:95) ~[flyway-core-9.22.3.jar:na]
        at org.flywaydb.core.internal.sqlscript.DefaultSqlScriptExecutor.executeStatement(DefaultSqlScriptExecutor.java:210) ~[flyway-core-9.22.3.jar:na]
        ... 42 common frames omitted

[INFO] ------------------------------------------------------------------------
[INFO] BUILD FAILURE
[INFO] ------------------------------------------------------------------------
[INFO] Total time:  3.483 s
[INFO] Finished at: 2026-06-04T22:44:02-05:00
[INFO] ------------------------------------------------------------------------
[ERROR] Failed to execute goal org.springframework.boot:spring-boot-maven-plugin:3.2.5:run (default-cli) on project financial-core-service: Process terminated with exit code: 1 -> [Help 1]
[ERROR]
[ERROR] To see the full stack trace of the errors, re-run Maven with the -e switch.
[ERROR] Re-run Maven using the -X switch to enable full debug logging.
[ERROR]
[ERROR] For more information about the errors and possible solutions, please read the following articles:
[ERROR] [Help 1] http://cwiki.apache.org/confluence/display/MAVEN/MojoExecutionException
2026-06-04T22:44:02.762-05:00  INFO 22795 --- [account-aggregation-service] [           main] o.h.e.t.j.p.i.JtaPlatformInitiator       : HHH000489: No JTA platform available (set 'hibernate.transaction.jta.platform' to enable JTA platform integration)
2026-06-04T22:44:02.763-05:00  INFO 22795 --- [account-aggregation-service] [           main] j.LocalContainerEntityManagerFactoryBean : Initialized JPA EntityManagerFactory for persistence unit 'default'
2026-06-04T22:44:02.953-05:00  INFO 22797 --- [auth-service] [           main] o.h.e.t.j.p.i.JtaPlatformInitiator       : HHH000489: No JTA platform available (set 'hibernate.transaction.jta.platform' to enable JTA platform integration)
2026-06-04T22:44:02.954-05:00  INFO 22797 --- [auth-service] [           main] j.LocalContainerEntityManagerFactoryBean : Initialized JPA EntityManagerFactory for persistence unit 'default'
2026-06-04T22:44:03.092-05:00  WARN 22795 --- [account-aggregation-service] [           main] JpaBaseConfiguration$JpaWebConfiguration : spring.jpa.open-in-view is enabled by default. Therefore, database queries may be performed during view rendering. Explicitly configure spring.jpa.open-in-view to disable this warning
2026-06-04T22:44:03.120-05:00  WARN 22797 --- [auth-service] [           main] JpaBaseConfiguration$JpaWebConfiguration : spring.jpa.open-in-view is enabled by default. Therefore, database queries may be performed during view rendering. Explicitly configure spring.jpa.open-in-view to disable this warning
2026-06-04T22:44:03.249-05:00  INFO 22795 --- [account-aggregation-service] [           main] o.s.s.web.DefaultSecurityFilterChain     : Will secure any request with [org.springframework.security.web.session.DisableEncodeUrlFilter@106387cf, org.springframework.security.web.context.request.async.WebAsyncManagerIntegrationFilter@3d3c14c3, org.springframework.security.web.context.SecurityContextHolderFilter@5e445ffe, org.springframework.security.web.header.HeaderWriterFilter@48dc06a9, org.springframework.web.filter.CorsFilter@599fab92, org.springframework.security.web.authentication.logout.LogoutFilter@4e2ad1f2, com.mywealthmanagement.accountaggregationservice.config.JwtAuthFilter@5a7df831, org.springframework.security.web.savedrequest.RequestCacheAwareFilter@2a9fd482, org.springframework.security.web.servletapi.SecurityContextHolderAwareRequestFilter@7ca2319f, org.springframework.security.web.authentication.AnonymousAuthenticationFilter@439054a7, org.springframework.security.web.session.SessionManagementFilter@38224635, org.springframework.security.web.access.ExceptionTranslationFilter@495598c5, org.springframework.security.web.access.intercept.AuthorizationFilter@66297b63]
2026-06-04T22:44:03.252-05:00  INFO 22797 --- [auth-service] [           main] o.s.s.web.DefaultSecurityFilterChain     : Will secure any request with [org.springframework.security.web.session.DisableEncodeUrlFilter@5b58f639, org.springframework.security.web.context.request.async.WebAsyncManagerIntegrationFilter@4d529dbf, org.springframework.security.web.context.SecurityContextHolderFilter@488c6c98, org.springframework.security.web.header.HeaderWriterFilter@9e4388d, org.springframework.web.filter.CorsFilter@76641439, org.springframework.security.web.authentication.logout.LogoutFilter@2786b644, com.mywealthmanagement.authservice.config.JwtAuthFilter@330d16af, org.springframework.security.web.savedrequest.RequestCacheAwareFilter@1e7797db, org.springframework.security.web.servletapi.SecurityContextHolderAwareRequestFilter@4402ed61, org.springframework.security.web.authentication.AnonymousAuthenticationFilter@1db565f2, org.springframework.security.web.session.SessionManagementFilter@79e28671, org.springframework.security.web.access.ExceptionTranslationFilter@42d96745, org.springframework.security.web.access.intercept.AuthorizationFilter@753c7411]
2026-06-04T22:44:03.352-05:00  INFO 22795 --- [account-aggregation-service] [           main] o.s.b.w.embedded.tomcat.TomcatWebServer  : Tomcat started on port 8082 (http) with context path ''
2026-06-04T22:44:03.358-05:00  INFO 22795 --- [account-aggregation-service] [           main] m.a.AccountAggregationServiceApplication : Started AccountAggregationServiceApplication in 3.434 seconds (process running for 3.732)
2026-06-04T22:44:03.363-05:00  INFO 22797 --- [auth-service] [           main] o.s.b.w.embedded.tomcat.TomcatWebServer  : Tomcat started on port 8081 (http) with context path ''
2026-06-04T22:44:03.368-05:00  INFO 22797 --- [auth-service] [           main] c.m.authservice.AuthServiceApplication   : Started AuthServiceApplication in 2.845 seconds (process running for 3.043)
